<?xml version="1.0" encoding="utf-8"?><testsuites name="pytest tests"><testsuite name="pytest" errors="0" failures="1" skipped="0" tests="18" time="4.899" timestamp="2026-05-04T08:46:50.776555+00:00" hostname="agent-env-ebf2d739-e153-41c9-bb6c-243f3a9dc15d"><testcase classname="backend.tests.test_admin_withdrawals.TestAdminAuth" name="test_missing_header_401" time="0.282" /><testcase classname="backend.tests.test_admin_withdrawals.TestAdminAuth" name="test_non_admin_wallet_401" time="0.076" /><testcase classname="backend.tests.test_admin_withdrawals.TestAdminAuth" name="test_admin_wallet_200_list" time="0.052" /><testcase classname="backend.tests.test_admin_withdrawals.TestAdminAuth" name="test_admin_wallet_uppercase_ok" time="0.051" /><testcase classname="backend.tests.test_admin_withdrawals.TestWithdrawalCreate" name="test_create_withdrawal_requires_purchase" time="0.057" /><testcase classname="backend.tests.test_admin_withdrawals.TestWithdrawalCreate" name="test_create_withdrawal_min_amount" time="0.116" /><testcase classname="backend.tests.test_admin_withdrawals.TestWithdrawalCreate" name="test_create_withdrawal_success_and_listed" time="0.732" /><testcase classname="backend.tests.test_admin_withdrawals.TestWithdrawalCreate" name="test_create_withdrawal_conflict_when_pending" time="0.088" /><testcase classname="backend.tests.test_admin_withdrawals.TestAdminListFilter" name="test_filter_pending" time="0.060" /><testcase classname="backend.tests.test_admin_withdrawals.TestAdminListFilter" name="test_filter_completed" time="0.045" /><testcase classname="backend.tests.test_admin_withdrawals.TestAdminPatch" name="test_patch_requires_admin" time="0.060" /><testcase classname="backend.tests.test_admin_withdrawals.TestAdminPatch" name="test_patch_nonexistent_404" time="0.061" /><testcase classname="backend.tests.test_admin_withdrawals.TestAdminPatch" name="test_patch_pending_to_processing" time="0.606" /><testcase classname="backend.tests.test_admin_withdrawals.TestAdminPatch" name="test_patch_processing_to_completed_with_tx" time="0.676" /><testcase classname="backend.tests.test_admin_withdrawals.TestAdminPatch" name="test_patch_rejected_stores_admin_note" time="1.258" /><testcase classname="backend.tests.test_admin_withdrawals.TestRegression" name="test_xmr_price" time="0.146"><failure message="AssertionError: assert 'price' in {'fetched_at': '2026-05-04T08:46:55.430816+00:00', 'price_usd': 401.78, 'source': 'coingecko'}">backend/tests/test_admin_withdrawals.py:295: in test_xmr_price
    assert "price" in data
E   AssertionError: assert 'price' in {'fetched_at': '2026-05-04T08:46:55.430816+00:00', 'price_usd': 401.78, 'source': 'coingecko'}</failure></testcase><testcase classname="backend.tests.test_admin_withdrawals.TestRegression" name="test_wallet_referrals" time="0.049" /><testcase classname="backend.tests.test_admin_withdrawals.TestRegression" name="test_purchases_list" time="0.045" /></testsuite></testsuites>