<?xml version="1.0" encoding="utf-8"?><testsuites name="pytest tests"><testsuite name="pytest" errors="0" failures="0" skipped="0" tests="14" time="1.087" timestamp="2026-04-30T07:22:20.927981+00:00" hostname="agent-env-ebf2d739-e153-41c9-bb6c-243f3a9dc15d"><testcase classname="backend.tests.backend_test.TestHealth" name="test_root" time="0.226" /><testcase classname="backend.tests.backend_test.TestContact" name="test_post_contact_valid" time="0.064" /><testcase classname="backend.tests.backend_test.TestContact" name="test_post_contact_invalid_email" time="0.056" /><testcase classname="backend.tests.backend_test.TestContact" name="test_post_contact_missing_field" time="0.044" /><testcase classname="backend.tests.backend_test.TestContact" name="test_get_contact_list_contains_created" time="0.050" /><testcase classname="backend.tests.backend_test.TestPurchases" name="test_post_purchase_valid_usdt" time="0.044" /><testcase classname="backend.tests.backend_test.TestPurchases" name="test_post_purchase_valid_native_polygon" time="0.045" /><testcase classname="backend.tests.backend_test.TestPurchases" name="test_post_purchase_valid_bsc" time="0.050" /><testcase classname="backend.tests.backend_test.TestPurchases" name="test_post_purchase_bad_address_length" time="0.043" /><testcase classname="backend.tests.backend_test.TestPurchases" name="test_post_purchase_bad_tx_hash_length" time="0.050" /><testcase classname="backend.tests.backend_test.TestPurchases" name="test_post_purchase_missing_fields" time="0.043" /><testcase classname="backend.tests.backend_test.TestPurchases" name="test_get_purchases_list" time="0.045" /><testcase classname="backend.tests.backend_test.TestPurchases" name="test_get_purchases_filter_by_address" time="0.046" /><testcase classname="backend.tests.backend_test.TestPurchases" name="test_get_purchases_filter_unknown_address" time="0.045" /></testsuite></testsuites>